0 info it worked if it ends with ok
1 verbose cli [ 'C:\\Program Files\\nodejs\\node.exe',
1 verbose cli   'C:\\Program Files\\nodejs\\node_modules\\npm\\bin\\npm-cli.js',
1 verbose cli   'start' ]
2 info using npm@3.10.3
3 info using node@v6.3.0
4 verbose run-script [ 'prestart', 'start', 'poststart' ]
5 info lifecycle tareas@1.0.0~prestart: tareas@1.0.0
6 silly lifecycle tareas@1.0.0~prestart: no script for prestart, continuing
7 info lifecycle tareas@1.0.0~start: tareas@1.0.0
8 verbose lifecycle tareas@1.0.0~start: unsafe-perm in lifecycle true
9 verbose lifecycle tareas@1.0.0~start: PATH: C:\Program Files\nodejs\node_modules\npm\bin\node-gyp-bin;C:\Users\GISELA\Desktop\ELectiva3\nodejs-todo-list-starter\node_modules\.bin;C:\Program Files\nodejs;C:\Program Files (x86)\Intel\iCLS Client\;C:\oraclexe\app\oracle\product\11.2.0\server\bin;C:\ProgramData\Oracle\Java\javapath;C:\Program Files\Intel\iCLS Client\;C:\WINDOWS\system32;C:\WINDOWS;C:\WINDOWS\System32\Wbem;C:\WINDOWS\System32\WindowsPowerShell\v1.0\;C:\Program Files\TortoiseGit\bin;C:\Program Files\Git\cmd;C:\Program Files\OpenVPN\bin;C:\Program Files (x86)\Intel\Intel(R) Management Engine Components\DAL;C:\Program Files\Intel\Intel(R) Management Engine Components\DAL;C:\Program Files (x86)\Intel\Intel(R) Management Engine Components\IPT;C:\Program Files\Intel\Intel(R) Management Engine Components\IPT;C:\WINDOWS\System32\OpenSSH\;C:\xampp\php;C:\ProgramData\ComposerSetup\bin;C:\Program Files\maven\apache-maven-3.3.9\bin;C:\Program Files\nodejs\;C:\Program Files\maven\apache-maven-3.3.9;C:\Users\GISELA\AppData\Roaming\npm;C:\Users\GISELA\AppData\Roaming\Composer\vendor\bin
10 verbose lifecycle tareas@1.0.0~start: CWD: C:\Users\GISELA\Desktop\ELectiva3\nodejs-todo-list-starter
11 silly lifecycle tareas@1.0.0~start: Args: [ '/d /s /c', 'node index.js' ]
12 silly lifecycle tareas@1.0.0~start: Returned: code: 1  signal: null
13 info lifecycle tareas@1.0.0~start: Failed to exec start script
14 verbose stack Error: tareas@1.0.0 start: `node index.js`
14 verbose stack Exit status 1
14 verbose stack     at EventEmitter.<anonymous> (C:\Program Files\nodejs\node_modules\npm\lib\utils\lifecycle.js:242:16)
14 verbose stack     at emitTwo (events.js:106:13)
14 verbose stack     at EventEmitter.emit (events.js:191:7)
14 verbose stack     at ChildProcess.<anonymous> (C:\Program Files\nodejs\node_modules\npm\lib\utils\spawn.js:40:14)
14 verbose stack     at emitTwo (events.js:106:13)
14 verbose stack     at ChildProcess.emit (events.js:191:7)
14 verbose stack     at maybeClose (internal/child_process.js:852:16)
14 verbose stack     at Process.ChildProcess._handle.onexit (internal/child_process.js:215:5)
15 verbose pkgid tareas@1.0.0
16 verbose cwd C:\Users\GISELA\Desktop\ELectiva3\nodejs-todo-list-starter
17 error Windows_NT 10.0.17134
18 error argv "C:\\Program Files\\nodejs\\node.exe" "C:\\Program Files\\nodejs\\node_modules\\npm\\bin\\npm-cli.js" "start"
19 error node v6.3.0
20 error npm  v3.10.3
21 error code ELIFECYCLE
22 error tareas@1.0.0 start: `node index.js`
22 error Exit status 1
23 error Failed at the tareas@1.0.0 start script 'node index.js'.
23 error Make sure you have the latest version of node.js and npm installed.
23 error If you do, this is most likely a problem with the tareas package,
23 error not with npm itself.
23 error Tell the author that this fails on your system:
23 error     node index.js
23 error You can get information on how to open an issue for this project with:
23 error     npm bugs tareas
23 error Or if that isn't available, you can get their info via:
23 error     npm owner ls tareas
23 error There is likely additional logging output above.
24 verbose exit [ 1, true ]
